#
# There is insufficient memory for the Java Runtime Environment to continue.
# Native memory allocation (mmap) failed to map 262144000 bytes for Failed to commit area from 0x0000000707000000 to 0x0000000716a00000 of length 262144000.
# Possible reasons:
#   The system is out of physical RAM or swap space
#   The process is running with CompressedOops enabled, and the Java Heap may be blocking the growth of the native heap
# Possible solutions:
#   Reduce memory load on the system
#   Increase physical memory or swap space
#   Check if swap backing store is full
#   Decrease Java heap size (-Xmx/-Xms)
#   Decrease number of Java threads
#   Decrease Java thread stack sizes (-Xss)
#   Set larger code cache with -XX:ReservedCodeCacheSize=
# This output file may be truncated or incomplete.
#
#  Out of Memory Error (./open/src/hotspot/os/windows/os_windows.cpp:3287), pid=30844, tid=29908
#
# JRE version:  (11.0.16+11) (build )
# Java VM: Java HotSpot(TM) 64-Bit Server VM (11.0.16+11-LTS-199, mixed mode, sharing, tiered, compressed oops, g1 gc, windows-amd64)
# No core dump will be written. Minidumps are not enabled by default on client versions of Windows
#

---------------  S U M M A R Y ------------

Command Line: finalcoursework

Host: 11th Gen Intel(R) Core(TM) i7-1165G7 @ 2.80GHz, 8 cores, 15G,  Windows 11 , 64 bit Build 22621 (10.0.22621.3958)
Time: Thu Oct  3 13:35:46 2024 Sri Lanka Standard Time elapsed time: 0.009597 seconds (0d 0h 0m 0s)

---------------  T H R E A D  ---------------

Current thread (0x0000028c94dd9000):  JavaThread "Unknown thread" [_thread_in_vm, id=29908, stack(0x000000efacd00000,0x000000eface00000)]

Stack: [0x000000efacd00000,0x000000eface00000]
Native frames: (J=compiled Java code, j=interpreted, Vv=VM code, C=native code)
V  [jvm.dll+0x62a3ea]
V  [jvm.dll+0x76418f]
V  [jvm.dll+0x765839]
V  [jvm.dll+0x765ec3]
V  [jvm.dll+0x23da98]
V  [jvm.dll+0x62770a]
V  [jvm.dll+0x61c475]
V  [jvm.dll+0x2f2aac]
V  [jvm.dll+0x2f2932]
V  [jvm.dll+0x2f7656]
V  [jvm.dll+0x33a1cf]
V  [jvm.dll+0x339c00]
V  [jvm.dll+0x2d00c8]
V  [jvm.dll+0x2d1236]
V  [jvm.dll+0x73e757]
V  [jvm.dll+0x73ffef]
V  [jvm.dll+0x346ef9]
V  [jvm.dll+0x723f90]
V  [jvm.dll+0x3b5adf]
V  [jvm.dll+0x3b7bf1]
C  [jli.dll+0x5207]
C  [ucrtbase.dll+0x29333]
C  [KERNEL32.DLL+0x1257d]
C  [ntdll.dll+0x5af28]


---------------  P R O C E S S  ---------------

Threads class SMR info:
_java_thread_list=0x0000028c94c1e620, length=0, elements={
}

Java Threads: ( => current thread )

Other Threads:
  0x0000028c94dee000 GCTaskThread "GC Thread#0" [stack: 0x000000eface00000,0x000000efacf00000] [id=30616]
  0x0000028c94e4b800 ConcurrentGCThread "G1 Main Marker" [stack: 0x000000efacf00000,0x000000efad000000] [id=32008]
  0x0000028c94e4d800 ConcurrentGCThread "G1 Conc#0" [stack: 0x000000efad000000,0x000000efad100000] [id=31980]

[error occurred during error reporting (printing all threads), id 0xc0000005, EXCEPTION_ACCESS_VIOLATION (0xc0000005) at pc=0x00007ffb3d7df357]

VM state:not at safepoint (not fully initialized)

VM Mutex/Monitor currently owned by a thread:  ([mutex/lock_event])
[0x0000028c94dd4f50] Heap_lock - owner thread: 0x0000028c94dd9000

Heap address: 0x0000000707000000, size: 3984 MB, Compressed Oops mode: Non-zero based: 0x0000000707000000
Narrow klass base: 0x0000000000000000, Narrow klass shift: 0

GC Heap History (0 events):
No events

Deoptimization events (0 events):
No events

Classes redefined (0 events):
No events

Internal exceptions (0 events):
No events

Events (0 events):
No events


Dynamic libraries:
0x00007ff794680000 - 0x00007ff79468f000 	C:\Program Files\Java\jdk-11.0.16\bin\java.exe
0x00007ffbc58f0000 - 0x00007ffbc5b07000 	C:\WINDOWS\SYSTEM32\ntdll.dll
0x00007ffbc44d0000 - 0x00007ffbc4594000 	C:\WINDOWS\System32\KERNEL32.DLL
0x00007ffbc2ec0000 - 0x00007ffbc326d000 	C:\WINDOWS\System32\KERNELBASE.dll
0x00007ffbc32e0000 - 0x00007ffbc33f1000 	C:\WINDOWS\System32\ucrtbase.dll
0x00007ffba5fe0000 - 0x00007ffba5ff5000 	C:\Program Files\Java\jdk-11.0.16\bin\VCRUNTIME140.dll
0x00007ffbb62b0000 - 0x00007ffbb62c8000 	C:\Program Files\Java\jdk-11.0.16\bin\jli.dll
0x00007ffbc37d0000 - 0x00007ffbc3882000 	C:\WINDOWS\System32\ADVAPI32.dll
0x00007ffbc43d0000 - 0x00007ffbc4477000 	C:\WINDOWS\System32\msvcrt.dll
0x00007ffbc5370000 - 0x00007ffbc5419000 	C:\WINDOWS\System32\sechost.dll
0x00007ffbc3400000 - 0x00007ffbc3428000 	C:\WINDOWS\System32\bcrypt.dll
0x00007ffbc39b0000 - 0x00007ffbc3ac4000 	C:\WINDOWS\System32\RPCRT4.dll
0x00007ffbc3ad0000 - 0x00007ffbc3c7e000 	C:\WINDOWS\System32\USER32.dll
0x00007ffbaa3c0000 - 0x00007ffbaa653000 	C:\WINDOWS\WinSxS\amd64_microsoft.windows.common-controls_6595b64144ccf1df_6.0.22621.3672_none_2713b9d173822955\COMCTL32.dll
0x00007ffbc2dd0000 - 0x00007ffbc2df6000 	C:\WINDOWS\System32\win32u.dll
0x00007ffbc3e00000 - 0x00007ffbc3e29000 	C:\WINDOWS\System32\GDI32.dll
0x00007ffbc2cb0000 - 0x00007ffbc2dc9000 	C:\WINDOWS\System32\gdi32full.dll
0x00007ffbc2c10000 - 0x00007ffbc2caa000 	C:\WINDOWS\System32\msvcp_win.dll
0x00007ffbb1a60000 - 0x00007ffbb1a6a000 	C:\WINDOWS\SYSTEM32\VERSION.dll
0x00007ffbc3ff0000 - 0x00007ffbc4021000 	C:\WINDOWS\System32\IMM32.DLL
0x00007ffba5f00000 - 0x00007ffba5f9b000 	C:\Program Files\Java\jdk-11.0.16\bin\msvcp140.dll
0x00007ffb3d500000 - 0x00007ffb3e018000 	C:\Program Files\Java\jdk-11.0.16\bin\server\jvm.dll
0x00007ffbc3e30000 - 0x00007ffbc3e38000 	C:\WINDOWS\System32\PSAPI.DLL
0x00007ffbb8de0000 - 0x00007ffbb8de9000 	C:\WINDOWS\SYSTEM32\WSOCK32.dll
0x00007ffbc04d0000 - 0x00007ffbc0504000 	C:\WINDOWS\SYSTEM32\WINMM.dll
0x00007ffbc3cf0000 - 0x00007ffbc3d61000 	C:\WINDOWS\System32\WS2_32.dll
0x00007ffbc1d20000 - 0x00007ffbc1d38000 	C:\WINDOWS\SYSTEM32\kernel.appcore.dll
0x00007ffbb62a0000 - 0x00007ffbb62b0000 	C:\Program Files\Java\jdk-11.0.16\bin\verify.dll
0x00007ffbc0250000 - 0x00007ffbc0482000 	C:\WINDOWS\SYSTEM32\DBGHELP.DLL
0x00007ffbc4030000 - 0x00007ffbc43be000 	C:\WINDOWS\System32\combase.dll
0x00007ffbc3620000 - 0x00007ffbc36f7000 	C:\WINDOWS\System32\OLEAUT32.dll
0x00007ffbc0490000 - 0x00007ffbc04c2000 	C:\WINDOWS\SYSTEM32\dbgcore.DLL
0x00007ffbc35a0000 - 0x00007ffbc361b000 	C:\WINDOWS\System32\bcryptPrimitives.dll
0x00007ffba5ed0000 - 0x00007ffba5ef8000 	C:\Program Files\Java\jdk-11.0.16\bin\java.dll
0x00007ffba5fd0000 - 0x00007ffba5fda000 	C:\Program Files\Java\jdk-11.0.16\bin\jimage.dll
0x00007ffba2970000 - 0x00007ffba2986000 	C:\Program Files\Java\jdk-11.0.16\bin\zip.dll

dbghelp: loaded successfully - version: 4.0.5 - missing functions: none
symbol engine: initialized successfully - sym options: 0x614 - pdb path: .;C:\Program Files\Java\jdk-11.0.16\bin;C:\WINDOWS\SYSTEM32;C:\WINDOWS\WinSxS\amd64_microsoft.windows.common-controls_6595b64144ccf1df_6.0.22621.3672_none_2713b9d173822955;C:\Program Files\Java\jdk-11.0.16\bin\server

VM Arguments:
java_command: finalcoursework
java_class_path (initial): C:\Users\justt\AppData\Roaming\Code\User\workspaceStorage\387900bbc57f6c44f3835df3c82281b4\redhat.java\jdt_ws\final coursework_f73ead80\bin
Launcher Type: SUN_STANDARD

[Global flags]
     intx CICompilerCount                          = 4                                         {product} {ergonomic}
     uint ConcGCThreads                            = 2                                         {product} {ergonomic}
     uint G1ConcRefinementThreads                  = 8                                         {product} {ergonomic}
   size_t G1HeapRegionSize                         = 1048576                                   {product} {ergonomic}
    uintx GCDrainStackTargetSize                   = 64                                        {product} {ergonomic}
   size_t InitialHeapSize                          = 262144000                                 {product} {ergonomic}
   size_t MarkStackSize                            = 4194304                                   {product} {ergonomic}
   size_t MaxHeapSize                              = 4177526784                                {product} {ergonomic}
   size_t MinHeapDeltaBytes                        = 1048576                                   {product} {ergonomic}
    uintx NonNMethodCodeHeapSize                   = 5836300                                {pd product} {ergonomic}
    uintx NonProfiledCodeHeapSize                  = 122910970                              {pd product} {ergonomic}
    uintx ProfiledCodeHeapSize                     = 122910970                              {pd product} {ergonomic}
    uintx ReservedCodeCacheSize                    = 251658240                              {pd product} {ergonomic}
     bool SegmentedCodeCache                       = true                                      {product} {ergonomic}
     bool UseCompressedClassPointers               = true                                 {lp64_product} {ergonomic}
     bool UseCompressedOops                        = true                                 {lp64_product} {ergonomic}
     bool UseG1GC                                  = true                                      {product} {ergonomic}
     bool UseLargePagesIndividualAllocation        = false                                  {pd product} {ergonomic}

Logging:
Log output configuration:
 #0: stdout all=warning uptime,level,tags
 #1: stderr all=off uptime,level,tags

Environment Variables:
PATH=C:\Program Files\Java\jdk-11.0.16\bin;C:\Program Files\MySQL\MySQL Server 8.0\bin;C:\WINDOWS\system32;C:\WINDOWS;C:\WINDOWS\System32\Wbem;C:\WINDOWS\System32\WindowsPowerShell\v1.0\;C:\WINDOWS\System32\OpenSSH\;C:\Program Files\Git\cmd;C:\Program Files\MySQL\MySQL Shell 8.0\bin\;C:\Users\justt\AppData\Local\Microsoft\WindowsApps;C:\Users\justt\AppData\Local\Programs\Microsoft VS Code\bin
USERNAME=Ramesh Edirisinghe
OS=Windows_NT
PROCESSOR_IDENTIFIER=Intel64 Family 6 Model 140 Stepping 1, GenuineIntel



---------------  S Y S T E M  ---------------

OS: Windows 11 , 64 bit Build 22621 (10.0.22621.3958)
Hyper-V role detected

CPU:total 8 (initial active 8) (4 cores per cpu, 2 threads per core) family 6 model 140 stepping 1 microcode 0x86, cmov, cx8, fxsr, mmx, sse, sse2, sse3, ssse3, sse4.1, sse4.2, popcnt, avx, avx2, aes, clmul, erms, 3dnowpref, lzcnt, ht, tsc, tscinvbit, bmi1, bmi2, adx, evex, sha, fma

Memory: 4k page, system-wide physical 15931M (1144M free)
TotalPageFile size 45444M (AvailPageFile size 47M)
current process WorkingSet (physical memory assigned to process): 11M, peak: 11M
current process commit charge ("private bytes"): 60M, peak: 310M

vm_info: Java HotSpot(TM) 64-Bit Server VM (11.0.16+11-LTS-199) for windows-amd64 JRE (11.0.16+11-LTS-199), built on Jun 28 2022 08:23:17 by "mach5one" with MS VC++ 15.9 (VS2017)

END.
